<?xml version="1.0" encoding="UTF-8"?>
<!-- Generated by org.testng.reporters.JUnitReportReporter -->
<testsuite hostname="DESKTOP-L4J545I" failures="0" tests="1" name="Practice.Flipkart" time="7.034" errors="0" timestamp="2023-03-13T13:03:00 IST" skipped="0">
  <testcase classname="Practice.Flipkart" name="fip" time="7.034"/>
  <system-out/>
</testsuite> <!-- Practice.Flipkart -->
