<?xml version="1.0" encoding="UTF-8"?>
<!-- Generated by org.testng.reporters.JUnitReportReporter -->
<testsuite hostname="DESKTOP-L4J545I" failures="0" tests="1" name="Practice.Flipkart" time="4.969" errors="0" timestamp="2023-03-13T12:37:27 IST" skipped="0">
  <testcase classname="Practice.Flipkart" name="fip" time="4.969"/>
  <system-out/>
</testsuite> <!-- Practice.Flipkart -->
