<?xml version="1.0" encoding="UTF-8"?>
<!-- Generated by org.testng.reporters.JUnitReportReporter -->
<testsuite skipped="0" hostname="DESKTOP-L4J545I" name="Practice.Flipkart" tests="1" failures="0" timestamp="2023-03-13T17:22:22 IST" time="14.985" errors="0">
  <testcase name="fip" time="14.985" classname="Practice.Flipkart"/>
  <system-out/>
</testsuite> <!-- Practice.Flipkart -->
