<?xml version="1.0" encoding="UTF-8"?>
<!-- Generated by org.testng.reporters.JUnitReportReporter -->
<testsuite skipped="0" hostname="DESKTOP-L4J545I" name="Practice.ICCcricket" tests="1" failures="0" timestamp="2023-03-13T13:06:37 IST" time="29.468" errors="0">
  <testcase name="cricket" time="29.468" classname="Practice.ICCcricket"/>
  <system-out/>
</testsuite> <!-- Practice.ICCcricket -->
